# JRE version: OpenJDK Runtime Environment (11.0.13) (build 11.0.13+0-b1751.21-8125866)
# Java VM: OpenJDK 64-Bit Server VM (11.0.13+0-b1751.21-8125866, mixed mode, tiered, compressed oops, g1 gc, windows-amd64)
Heap:
 garbage-first heap   total 786432K, used 347647K [0x0000000080000000, 0x0000000100000000)
  region size 1024K, 5 young (5120K), 5 survivors (5120K)
 Metaspace       used 131571K, capacity 135204K, committed 135344K, reserved 1167360K
  class space    used 16248K, capacity 17609K, committed 17664K, reserved 1048576K
GC Heap History (20 events):
Event: 63.333 GC heap after
{Heap after GC invocations=69 (full 0):
 garbage-first heap   total 273408K, used 180778K [0x0000000080000000, 0x0000000100000000)
  region size 1024K, 6 young (6144K), 6 survivors (6144K)
 Metaspace       used 127215K, capacity 130686K, committed 130736K, reserved 1163264K
  class space    used 15582K, capacity 16894K, committed 16896K, reserved 1048576K
}
Event: 63.562 GC heap before
{Heap before GC invocations=69 (full 0):
 garbage-first heap   total 273408K, used 206378K [0x0000000080000000, 0x0000000100000000)
  region size 1024K, 26 young (26624K), 6 survivors (6144K)
 Metaspace       used 127322K, capacity 130828K, committed 130992K, reserved 1163264K
  class space    used 15591K, capacity 16896K, committed 16896K, reserved 1048576K
}
Event: 63.582 GC heap after
{Heap after GC invocations=70 (full 0):
 garbage-first heap   total 273408K, used 194810K [0x0000000080000000, 0x0000000100000000)
  region size 1024K, 7 young (7168K), 7 survivors (7168K)
 Metaspace       used 127322K, capacity 130828K, committed 130992K, reserved 1163264K
  class space    used 15591K, capacity 16896K, committed 16896K, reserved 1048576K
}
Event: 64.131 GC heap before
{Heap before GC invocations=70 (full 0):
 garbage-first heap   total 273408K, used 256250K [0x0000000080000000, 0x0000000100000000)
  region size 1024K, 39 young (39936K), 7 survivors (7168K)
 Metaspace       used 128106K, capacity 131619K, committed 131888K, reserved 1165312K
  class space    used 15703K, capacity 17004K, committed 17024K, reserved 1048576K
}
Event: 64.154 GC heap after
{Heap after GC invocations=71 (full 0):
 garbage-first heap   total 333824K, used 225279K [0x0000000080000000, 0x0000000100000000)
  region size 1024K, 5 young (5120K), 5 survivors (5120K)
 Metaspace       used 128106K, capacity 131619K, committed 131888K, reserved 1165312K
  class space    used 15703K, capacity 17004K, committed 17024K, reserved 1048576K
}
Event: 64.724 GC heap before
{Heap before GC invocations=72 (full 0):
 garbage-first heap   total 333824K, used 269311K [0x0000000080000000, 0x0000000100000000)
  region size 1024K, 49 young (50176K), 5 survivors (5120K)
 Metaspace       used 128414K, capacity 131907K, committed 132016K, reserved 1165312K
  class space    used 15751K, capacity 17056K, committed 17152K, reserved 1048576K
}
Event: 64.765 GC heap after
{Heap after GC invocations=73 (full 0):
 garbage-first heap   total 333824K, used 237797K [0x0000000080000000, 0x0000000100000000)
  region size 1024K, 7 young (7168K), 7 survivors (7168K)
 Metaspace       used 128414K, capacity 131907K, committed 132016K, reserved 1165312K
  class space    used 15751K, capacity 17056K, committed 17152K, reserved 1048576K
}
Event: 64.952 GC heap before
{Heap before GC invocations=73 (full 0):
 garbage-first heap   total 333824K, used 274661K [0x0000000080000000, 0x0000000100000000)
  region size 1024K, 42 young (43008K), 7 survivors (7168K)
 Metaspace       used 128463K, capacity 131978K, committed 132272K, reserved 1165312K
  class space    used 15752K, capacity 17058K, committed 17152K, reserved 1048576K
}
Event: 65.002 GC heap after
{Heap after GC invocations=74 (full 0):
 garbage-first heap   total 333824K, used 246442K [0x0000000080000000, 0x0000000100000000)
  region size 1024K, 6 young (6144K), 6 survivors (6144K)
 Metaspace       used 128463K, capacity 131978K, committed 132272K, reserved 1165312K
  class space    used 15752K, capacity 17058K, committed 17152K, reserved 1048576K
}
Event: 65.299 GC heap before
{Heap before GC invocations=74 (full 0):
 garbage-first heap   total 333824K, used 280234K [0x0000000080000000, 0x0000000100000000)
  region size 1024K, 38 young (38912K), 6 survivors (6144K)
 Metaspace       used 128494K, capacity 132042K, committed 132272K, reserved 1165312K
  class space    used 15752K, capacity 17058K, committed 17152K, reserved 1048576K
}
Event: 65.349 GC heap after
{Heap after GC invocations=75 (full 0):
 garbage-first heap   total 333824K, used 258024K [0x0000000080000000, 0x0000000100000000)
  region size 1024K, 5 young (5120K), 5 survivors (5120K)
 Metaspace       used 128494K, capacity 132042K, committed 132272K, reserved 1165312K
  class space    used 15752K, capacity 17058K, committed 17152K, reserved 1048576K
}
Event: 66.013 GC heap before
{Heap before GC invocations=75 (full 0):
 garbage-first heap   total 333824K, used 282600K [0x0000000080000000, 0x0000000100000000)
  region size 1024K, 30 young (30720K), 5 survivors (5120K)
 Metaspace       used 129844K, capacity 133371K, committed 133552K, reserved 1165312K
  class space    used 16061K, capacity 17374K, committed 17408K, reserved 1048576K
}
Event: 66.057 GC heap after
{Heap after GC invocations=76 (full 0):
 garbage-first heap   total 453632K, used 261490K [0x0000000080000000, 0x0000000100000000)
  region size 1024K, 3 young (3072K), 3 survivors (3072K)
 Metaspace       used 129844K, capacity 133371K, committed 133552K, reserved 1165312K
  class space    used 16061K, capacity 17374K, committed 17408K, reserved 1048576K
}
Event: 67.639 GC heap before
{Heap before GC invocations=77 (full 0):
 garbage-first heap   total 453632K, used 332146K [0x0000000080000000, 0x0000000100000000)
  region size 1024K, 73 young (74752K), 3 survivors (3072K)
 Metaspace       used 130387K, capacity 133883K, committed 134192K, reserved 1165312K
  class space    used 16091K, capacity 17411K, committed 17536K, reserved 1048576K
}
Event: 67.799 GC heap after
{Heap after GC invocations=78 (full 0):
 garbage-first heap   total 453632K, used 296223K [0x0000000080000000, 0x0000000100000000)
  region size 1024K, 10 young (10240K), 10 survivors (10240K)
 Metaspace       used 130387K, capacity 133883K, committed 134192K, reserved 1165312K
  class space    used 16091K, capacity 17411K, committed 17536K, reserved 1048576K
}
Event: 68.870 GC heap before
{Heap before GC invocations=78 (full 0):
 garbage-first heap   total 453632K, used 351519K [0x0000000080000000, 0x0000000100000000)
  region size 1024K, 63 young (64512K), 10 survivors (10240K)
 Metaspace       used 130409K, capacity 134020K, committed 134192K, reserved 1165312K
  class space    used 16095K, capacity 17415K, committed 17536K, reserved 1048576K
}
Event: 69.000 GC heap after
{Heap after GC invocations=79 (full 0):
 garbage-first heap   total 453632K, used 320511K [0x0000000080000000, 0x0000000100000000)
  region size 1024K, 8 young (8192K), 8 survivors (8192K)
 Metaspace       used 130409K, capacity 134020K, committed 134192K, reserved 1165312K
  class space    used 16095K, capacity 17415K, committed 17536K, reserved 1048576K
}
Event: 69.708 GC heap before
{Heap before GC invocations=79 (full 0):
 garbage-first heap   total 453632K, used 363519K [0x0000000080000000, 0x0000000100000000)
  region size 1024K, 51 young (52224K), 8 survivors (8192K)
 Metaspace       used 130508K, capacity 134088K, committed 134448K, reserved 1167360K
  class space    used 16108K, capacity 17428K, committed 17536K, reserved 1048576K
}
Event: 69.812 GC heap after
{Heap after GC invocations=80 (full 0):
 garbage-first heap   total 453632K, used 339967K [0x0000000080000000, 0x0000000100000000)
  region size 1024K, 7 young (7168K), 7 survivors (7168K)
 Metaspace       used 130508K, capacity 134088K, committed 134448K, reserved 1167360K
  class space    used 16108K, capacity 17428K, committed 17536K, reserved 1048576K
}
Event: 70.589 GC heap before
{Heap before GC invocations=80 (full 0):
 garbage-first heap   total 453632K, used 372735K [0x0000000080000000, 0x0000000100000000)
  region size 1024K, 40 young (40960K), 7 survivors (7168K)
 Metaspace       used 131571K, capacity 135204K, committed 135344K, reserved 1167360K
  class space    used 16248K, capacity 17609K, committed 17664K, reserved 1048576K
}

