# JRE version: OpenJDK Runtime Environment (11.0.13) (build 11.0.13+0-b1751.21-8125866)
# Java VM: OpenJDK 64-Bit Server VM (11.0.13+0-b1751.21-8125866, mixed mode, tiered, compressed oops, g1 gc, windows-amd64)
Heap:
 garbage-first heap   total 497664K, used 212267K [0x0000000080000000, 0x0000000100000000)
  region size 1024K, 1 young (1024K), 1 survivors (1024K)
 Metaspace       used 123801K, capacity 127446K, committed 127592K, reserved 1161216K
  class space    used 15471K, capacity 16848K, committed 16896K, reserved 1048576K
GC Heap History (20 events):
Event: 67.983 GC heap after
{Heap after GC invocations=75 (full 0):
 garbage-first heap   total 274432K, used 181999K [0x0000000080000000, 0x0000000100000000)
  region size 1024K, 3 young (3072K), 3 survivors (3072K)
 Metaspace       used 120595K, capacity 124152K, committed 124264K, reserved 1157120K
  class space    used 15231K, capacity 16557K, committed 16640K, reserved 1048576K
}
Event: 69.244 GC heap before
{Heap before GC invocations=76 (full 0):
 garbage-first heap   total 274432K, used 220911K [0x0000000080000000, 0x0000000100000000)
  region size 1024K, 41 young (41984K), 3 survivors (3072K)
 Metaspace       used 121569K, capacity 125148K, committed 125288K, reserved 1159168K
  class space    used 15267K, capacity 16597K, committed 16640K, reserved 1048576K
}
Event: 69.257 GC heap after
{Heap after GC invocations=77 (full 0):
 garbage-first heap   total 274432K, used 182991K [0x0000000080000000, 0x0000000100000000)
  region size 1024K, 4 young (4096K), 4 survivors (4096K)
 Metaspace       used 121569K, capacity 125148K, committed 125288K, reserved 1159168K
  class space    used 15267K, capacity 16597K, committed 16640K, reserved 1048576K
}
Event: 69.932 GC heap before
{Heap before GC invocations=77 (full 0):
 garbage-first heap   total 274432K, used 223951K [0x0000000080000000, 0x0000000100000000)
  region size 1024K, 44 young (45056K), 4 survivors (4096K)
 Metaspace       used 122071K, capacity 125616K, committed 125800K, reserved 1159168K
  class space    used 15283K, capacity 16599K, committed 16640K, reserved 1048576K
}
Event: 69.945 GC heap after
{Heap after GC invocations=78 (full 0):
 garbage-first heap   total 274432K, used 183596K [0x0000000080000000, 0x0000000100000000)
  region size 1024K, 2 young (2048K), 2 survivors (2048K)
 Metaspace       used 122071K, capacity 125616K, committed 125800K, reserved 1159168K
  class space    used 15283K, capacity 16599K, committed 16640K, reserved 1048576K
}
Event: 70.962 GC heap before
{Heap before GC invocations=79 (full 0):
 garbage-first heap   total 274432K, used 226604K [0x0000000080000000, 0x0000000100000000)
  region size 1024K, 44 young (45056K), 2 survivors (2048K)
 Metaspace       used 122395K, capacity 125952K, committed 126184K, reserved 1159168K
  class space    used 15313K, capacity 16646K, committed 16768K, reserved 1048576K
}
Event: 70.973 GC heap after
{Heap after GC invocations=80 (full 0):
 garbage-first heap   total 274432K, used 183581K [0x0000000080000000, 0x0000000100000000)
  region size 1024K, 2 young (2048K), 2 survivors (2048K)
 Metaspace       used 122395K, capacity 125952K, committed 126184K, reserved 1159168K
  class space    used 15313K, capacity 16646K, committed 16768K, reserved 1048576K
}
Event: 71.532 GC heap before
{Heap before GC invocations=80 (full 0):
 garbage-first heap   total 274432K, used 227613K [0x0000000080000000, 0x0000000100000000)
  region size 1024K, 46 young (47104K), 2 survivors (2048K)
 Metaspace       used 123418K, capacity 127037K, committed 127336K, reserved 1159168K
  class space    used 15445K, capacity 16790K, committed 16896K, reserved 1048576K
}
Event: 71.545 GC heap after
{Heap after GC invocations=81 (full 0):
 garbage-first heap   total 274432K, used 184913K [0x0000000080000000, 0x0000000100000000)
  region size 1024K, 4 young (4096K), 4 survivors (4096K)
 Metaspace       used 123418K, capacity 127037K, committed 127336K, reserved 1159168K
  class space    used 15445K, capacity 16790K, committed 16896K, reserved 1048576K
}
Event: 72.352 GC heap before
{Heap before GC invocations=82 (full 0):
 garbage-first heap   total 274432K, used 229969K [0x0000000080000000, 0x0000000100000000)
  region size 1024K, 48 young (49152K), 4 survivors (4096K)
 Metaspace       used 123540K, capacity 127214K, committed 127336K, reserved 1159168K
  class space    used 15461K, capacity 16845K, committed 16896K, reserved 1048576K
}
Event: 72.366 GC heap after
{Heap after GC invocations=83 (full 0):
 garbage-first heap   total 329728K, used 184201K [0x0000000080000000, 0x0000000100000000)
  region size 1024K, 3 young (3072K), 3 survivors (3072K)
 Metaspace       used 123540K, capacity 127214K, committed 127336K, reserved 1159168K
  class space    used 15461K, capacity 16845K, committed 16896K, reserved 1048576K
}
Event: 73.039 GC heap before
{Heap before GC invocations=83 (full 0):
 garbage-first heap   total 329728K, used 254857K [0x0000000080000000, 0x0000000100000000)
  region size 1024K, 74 young (75776K), 3 survivors (3072K)
 Metaspace       used 123685K, capacity 127374K, committed 127592K, reserved 1161216K
  class space    used 15462K, capacity 16846K, committed 16896K, reserved 1048576K
}
Event: 73.123 GC heap after
{Heap after GC invocations=84 (full 0):
 garbage-first heap   total 329728K, used 194904K [0x0000000080000000, 0x0000000100000000)
  region size 1024K, 10 young (10240K), 10 survivors (10240K)
 Metaspace       used 123685K, capacity 127374K, committed 127592K, reserved 1161216K
  class space    used 15462K, capacity 16846K, committed 16896K, reserved 1048576K
}
Event: 74.081 GC heap before
{Heap before GC invocations=85 (full 0):
 garbage-first heap   total 329728K, used 261464K [0x0000000080000000, 0x0000000100000000)
  region size 1024K, 76 young (77824K), 10 survivors (10240K)
 Metaspace       used 123705K, capacity 127374K, committed 127592K, reserved 1161216K
  class space    used 15463K, capacity 16846K, committed 16896K, reserved 1048576K
}
Event: 74.106 GC heap after
{Heap after GC invocations=86 (full 0):
 garbage-first heap   total 329728K, used 205580K [0x0000000080000000, 0x0000000100000000)
  region size 1024K, 10 young (10240K), 10 survivors (10240K)
 Metaspace       used 123705K, capacity 127374K, committed 127592K, reserved 1161216K
  class space    used 15463K, capacity 16846K, committed 16896K, reserved 1048576K
}
Event: 74.409 GC heap before
{Heap before GC invocations=86 (full 0):
 garbage-first heap   total 329728K, used 265996K [0x0000000080000000, 0x0000000100000000)
  region size 1024K, 70 young (71680K), 10 survivors (10240K)
 Metaspace       used 123725K, capacity 127375K, committed 127592K, reserved 1161216K
  class space    used 15463K, capacity 16846K, committed 16896K, reserved 1048576K
}
Event: 74.454 GC heap after
{Heap after GC invocations=87 (full 0):
 garbage-first heap   total 329728K, used 210359K [0x0000000080000000, 0x0000000100000000)
  region size 1024K, 9 young (9216K), 9 survivors (9216K)
 Metaspace       used 123725K, capacity 127375K, committed 127592K, reserved 1161216K
  class space    used 15463K, capacity 16846K, committed 16896K, reserved 1048576K
}
Event: 75.497 GC heap before
{Heap before GC invocations=88 (full 0):
 garbage-first heap   total 329728K, used 268727K [0x0000000080000000, 0x0000000100000000)
  region size 1024K, 66 young (67584K), 9 survivors (9216K)
 Metaspace       used 123791K, capacity 127446K, committed 127592K, reserved 1161216K
  class space    used 15471K, capacity 16848K, committed 16896K, reserved 1048576K
}
Event: 75.518 GC heap after
{Heap after GC invocations=89 (full 0):
 garbage-first heap   total 329728K, used 212832K [0x0000000080000000, 0x0000000100000000)
  region size 1024K, 5 young (5120K), 5 survivors (5120K)
 Metaspace       used 123791K, capacity 127446K, committed 127592K, reserved 1161216K
  class space    used 15471K, capacity 16848K, committed 16896K, reserved 1048576K
}
Event: 75.588 GC heap before
{Heap before GC invocations=89 (full 0):
 garbage-first heap   total 329728K, used 224096K [0x0000000080000000, 0x0000000100000000)
  region size 1024K, 16 young (16384K), 5 survivors (5120K)
 Metaspace       used 123801K, capacity 127446K, committed 127592K, reserved 1161216K
  class space    used 15471K, capacity 16848K, committed 16896K, reserved 1048576K
}

