# JRE version: OpenJDK Runtime Environment (11.0.13) (build 11.0.13+0-b1751.21-8125866)
# Java VM: OpenJDK 64-Bit Server VM (11.0.13+0-b1751.21-8125866, mixed mode, tiered, compressed oops, g1 gc, windows-amd64)
Heap:
 garbage-first heap   total 463872K, used 278476K [0x0000000080000000, 0x0000000100000000)
  region size 1024K, 131 young (134144K), 15 survivors (15360K)
 Metaspace       used 104309K, capacity 107014K, committed 107216K, reserved 1142784K
  class space    used 13261K, capacity 14295K, committed 14368K, reserved 1048576K
GC Heap History (20 events):
Event: 52.594 GC heap before
{Heap before GC invocations=40 (full 0):
 garbage-first heap   total 328704K, used 278264K [0x0000000080000000, 0x0000000100000000)
  region size 1024K, 138 young (141312K), 7 survivors (7168K)
 Metaspace       used 103868K, capacity 106582K, committed 106704K, reserved 1142784K
  class space    used 13252K, capacity 14281K, committed 14368K, reserved 1048576K
}
Event: 52.615 GC heap after
{Heap after GC invocations=41 (full 0):
 garbage-first heap   total 328704K, used 145109K [0x0000000080000000, 0x0000000100000000)
  region size 1024K, 8 young (8192K), 8 survivors (8192K)
 Metaspace       used 103868K, capacity 106582K, committed 106704K, reserved 1142784K
  class space    used 13252K, capacity 14281K, committed 14368K, reserved 1048576K
}
Event: 53.366 GC heap before
{Heap before GC invocations=41 (full 0):
 garbage-first heap   total 328704K, used 279253K [0x0000000080000000, 0x0000000100000000)
  region size 1024K, 139 young (142336K), 8 survivors (8192K)
 Metaspace       used 103885K, capacity 106585K, committed 106704K, reserved 1142784K
  class space    used 13254K, capacity 14282K, committed 14368K, reserved 1048576K
}
Event: 53.388 GC heap after
{Heap after GC invocations=42 (full 0):
 garbage-first heap   total 328704K, used 146998K [0x0000000080000000, 0x0000000100000000)
  region size 1024K, 10 young (10240K), 10 survivors (10240K)
 Metaspace       used 103885K, capacity 106585K, committed 106704K, reserved 1142784K
  class space    used 13254K, capacity 14282K, committed 14368K, reserved 1048576K
}
Event: 54.183 GC heap before
{Heap before GC invocations=42 (full 0):
 garbage-first heap   total 328704K, used 281142K [0x0000000080000000, 0x0000000100000000)
  region size 1024K, 141 young (144384K), 10 survivors (10240K)
 Metaspace       used 103897K, capacity 106588K, committed 106704K, reserved 1142784K
  class space    used 13254K, capacity 14283K, committed 14368K, reserved 1048576K
}
Event: 54.208 GC heap after
{Heap after GC invocations=43 (full 0):
 garbage-first heap   total 328704K, used 148416K [0x0000000080000000, 0x0000000100000000)
  region size 1024K, 10 young (10240K), 10 survivors (10240K)
 Metaspace       used 103897K, capacity 106588K, committed 106704K, reserved 1142784K
  class space    used 13254K, capacity 14283K, committed 14368K, reserved 1048576K
}
Event: 55.387 GC heap before
{Heap before GC invocations=43 (full 0):
 garbage-first heap   total 328704K, used 283584K [0x0000000080000000, 0x0000000100000000)
  region size 1024K, 141 young (144384K), 10 survivors (10240K)
 Metaspace       used 104178K, capacity 106937K, committed 107216K, reserved 1142784K
  class space    used 13261K, capacity 14294K, committed 14368K, reserved 1048576K
}
Event: 55.414 GC heap after
{Heap after GC invocations=44 (full 0):
 garbage-first heap   total 328704K, used 149875K [0x0000000080000000, 0x0000000100000000)
  region size 1024K, 11 young (11264K), 11 survivors (11264K)
 Metaspace       used 104178K, capacity 106937K, committed 107216K, reserved 1142784K
  class space    used 13261K, capacity 14294K, committed 14368K, reserved 1048576K
}
Event: 56.240 GC heap before
{Heap before GC invocations=44 (full 0):
 garbage-first heap   total 328704K, used 282995K [0x0000000080000000, 0x0000000100000000)
  region size 1024K, 141 young (144384K), 11 survivors (11264K)
 Metaspace       used 104193K, capacity 106938K, committed 107216K, reserved 1142784K
  class space    used 13261K, capacity 14294K, committed 14368K, reserved 1048576K
}
Event: 56.274 GC heap after
{Heap after GC invocations=45 (full 0):
 garbage-first heap   total 395264K, used 153419K [0x0000000080000000, 0x0000000100000000)
  region size 1024K, 13 young (13312K), 13 survivors (13312K)
 Metaspace       used 104193K, capacity 106938K, committed 107216K, reserved 1142784K
  class space    used 13261K, capacity 14294K, committed 14368K, reserved 1048576K
}
Event: 57.477 GC heap before
{Heap before GC invocations=45 (full 0):
 garbage-first heap   total 395264K, used 326475K [0x0000000080000000, 0x0000000100000000)
  region size 1024K, 182 young (186368K), 13 survivors (13312K)
 Metaspace       used 104217K, capacity 106939K, committed 107216K, reserved 1142784K
  class space    used 13261K, capacity 14294K, committed 14368K, reserved 1048576K
}
Event: 57.512 GC heap after
{Heap after GC invocations=46 (full 0):
 garbage-first heap   total 395264K, used 154112K [0x0000000080000000, 0x0000000100000000)
  region size 1024K, 13 young (13312K), 13 survivors (13312K)
 Metaspace       used 104217K, capacity 106939K, committed 107216K, reserved 1142784K
  class space    used 13261K, capacity 14294K, committed 14368K, reserved 1048576K
}
Event: 58.816 GC heap before
{Heap before GC invocations=46 (full 0):
 garbage-first heap   total 395264K, used 332288K [0x0000000080000000, 0x0000000100000000)
  region size 1024K, 187 young (191488K), 13 survivors (13312K)
 Metaspace       used 104226K, capacity 106945K, committed 107216K, reserved 1142784K
  class space    used 13261K, capacity 14295K, committed 14368K, reserved 1048576K
}
Event: 58.847 GC heap after
{Heap after GC invocations=47 (full 0):
 garbage-first heap   total 395264K, used 156160K [0x0000000080000000, 0x0000000100000000)
  region size 1024K, 15 young (15360K), 15 survivors (15360K)
 Metaspace       used 104226K, capacity 106945K, committed 107216K, reserved 1142784K
  class space    used 13261K, capacity 14295K, committed 14368K, reserved 1048576K
}
Event: 60.011 GC heap before
{Heap before GC invocations=47 (full 0):
 garbage-first heap   total 395264K, used 337408K [0x0000000080000000, 0x0000000100000000)
  region size 1024K, 192 young (196608K), 15 survivors (15360K)
 Metaspace       used 104233K, capacity 106945K, committed 107216K, reserved 1142784K
  class space    used 13261K, capacity 14295K, committed 14368K, reserved 1048576K
}
Event: 60.057 GC heap after
{Heap after GC invocations=48 (full 0):
 garbage-first heap   total 395264K, used 157623K [0x0000000080000000, 0x0000000100000000)
  region size 1024K, 15 young (15360K), 15 survivors (15360K)
 Metaspace       used 104233K, capacity 106945K, committed 107216K, reserved 1142784K
  class space    used 13261K, capacity 14295K, committed 14368K, reserved 1048576K
}
Event: 61.160 GC heap before
{Heap before GC invocations=48 (full 0):
 garbage-first heap   total 395264K, used 338871K [0x0000000080000000, 0x0000000100000000)
  region size 1024K, 192 young (196608K), 15 survivors (15360K)
 Metaspace       used 104274K, capacity 107010K, committed 107216K, reserved 1142784K
  class space    used 13261K, capacity 14295K, committed 14368K, reserved 1048576K
}
Event: 61.200 GC heap after
{Heap after GC invocations=49 (full 0):
 garbage-first heap   total 463872K, used 157644K [0x0000000080000000, 0x0000000100000000)
  region size 1024K, 12 young (12288K), 12 survivors (12288K)
 Metaspace       used 104274K, capacity 107010K, committed 107216K, reserved 1142784K
  class space    used 13261K, capacity 14295K, committed 14368K, reserved 1048576K
}
Event: 62.703 GC heap before
{Heap before GC invocations=49 (full 0):
 garbage-first heap   total 463872K, used 390092K [0x0000000080000000, 0x0000000100000000)
  region size 1024K, 239 young (244736K), 12 survivors (12288K)
 Metaspace       used 104288K, capacity 107012K, committed 107216K, reserved 1142784K
  class space    used 13261K, capacity 14295K, committed 14368K, reserved 1048576K
}
Event: 62.736 GC heap after
{Heap after GC invocations=50 (full 0):
 garbage-first heap   total 463872K, used 160716K [0x0000000080000000, 0x0000000100000000)
  region size 1024K, 15 young (15360K), 15 survivors (15360K)
 Metaspace       used 104288K, capacity 107012K, committed 107216K, reserved 1142784K
  class space    used 13261K, capacity 14295K, committed 14368K, reserved 1048576K
}

