# JRE version: OpenJDK Runtime Environment (11.0.13) (build 11.0.13+0-b1751.21-8125866)
# Java VM: OpenJDK 64-Bit Server VM (11.0.13+0-b1751.21-8125866, mixed mode, tiered, compressed oops, g1 gc, windows-amd64)
Heap:
 garbage-first heap   total 1027072K, used 231913K [0x0000000080000000, 0x0000000100000000)
  region size 1024K, 10 young (10240K), 10 survivors (10240K)
 Metaspace       used 131247K, capacity 134647K, committed 135660K, reserved 1167360K
  class space    used 15807K, capacity 17066K, committed 17408K, reserved 1048576K
GC Heap History (20 events):
Event: 126.351 GC heap after
{Heap after GC invocations=76 (full 0):
 garbage-first heap   total 273408K, used 215242K [0x0000000080000000, 0x0000000100000000)
  region size 1024K, 4 young (4096K), 4 survivors (4096K)
 Metaspace       used 131706K, capacity 135371K, committed 135660K, reserved 1167360K
  class space    used 15982K, capacity 17356K, committed 17408K, reserved 1048576K
}
Event: 126.438 GC heap before
{Heap before GC invocations=76 (full 0):
 garbage-first heap   total 273408K, used 234698K [0x0000000080000000, 0x0000000100000000)
  region size 1024K, 23 young (23552K), 4 survivors (4096K)
 Metaspace       used 131706K, capacity 135371K, committed 135660K, reserved 1167360K
  class space    used 15982K, capacity 17356K, committed 17408K, reserved 1048576K
}
Event: 126.443 GC heap after
{Heap after GC invocations=77 (full 0):
 garbage-first heap   total 273408K, used 219326K [0x0000000080000000, 0x0000000100000000)
  region size 1024K, 3 young (3072K), 3 survivors (3072K)
 Metaspace       used 131706K, capacity 135371K, committed 135660K, reserved 1167360K
  class space    used 15982K, capacity 17356K, committed 17408K, reserved 1048576K
}
Event: 126.511 GC heap before
{Heap before GC invocations=77 (full 0):
 garbage-first heap   total 273408K, used 235710K [0x0000000080000000, 0x0000000100000000)
  region size 1024K, 19 young (19456K), 3 survivors (3072K)
 Metaspace       used 131706K, capacity 135371K, committed 135660K, reserved 1167360K
  class space    used 15982K, capacity 17356K, committed 17408K, reserved 1048576K
}
Event: 126.520 GC heap after
{Heap after GC invocations=78 (full 0):
 garbage-first heap   total 328704K, used 223087K [0x0000000080000000, 0x0000000100000000)
  region size 1024K, 3 young (3072K), 3 survivors (3072K)
 Metaspace       used 131706K, capacity 135371K, committed 135660K, reserved 1167360K
  class space    used 15982K, capacity 17356K, committed 17408K, reserved 1048576K
}
Event: 126.713 GC heap before
{Heap before GC invocations=78 (full 0):
 garbage-first heap   total 328704K, used 256879K [0x0000000080000000, 0x0000000100000000)
  region size 1024K, 35 young (35840K), 3 survivors (3072K)
 Metaspace       used 131706K, capacity 135371K, committed 135660K, reserved 1167360K
  class space    used 15982K, capacity 17356K, committed 17408K, reserved 1048576K
}
Event: 126.718 GC heap after
{Heap after GC invocations=79 (full 0):
 garbage-first heap   total 328704K, used 230947K [0x0000000080000000, 0x0000000100000000)
  region size 1024K, 5 young (5120K), 5 survivors (5120K)
 Metaspace       used 131706K, capacity 135371K, committed 135660K, reserved 1167360K
  class space    used 15982K, capacity 17356K, committed 17408K, reserved 1048576K
}
Event: 126.854 GC heap before
{Heap before GC invocations=79 (full 0):
 garbage-first heap   total 328704K, used 262691K [0x0000000080000000, 0x0000000100000000)
  region size 1024K, 36 young (36864K), 5 survivors (5120K)
 Metaspace       used 131706K, capacity 135371K, committed 135660K, reserved 1167360K
  class space    used 15982K, capacity 17356K, committed 17408K, reserved 1048576K
}
Event: 126.865 GC heap after
{Heap after GC invocations=80 (full 0):
 garbage-first heap   total 328704K, used 237132K [0x0000000080000000, 0x0000000100000000)
  region size 1024K, 5 young (5120K), 5 survivors (5120K)
 Metaspace       used 131706K, capacity 135371K, committed 135660K, reserved 1167360K
  class space    used 15982K, capacity 17356K, committed 17408K, reserved 1048576K
}
Event: 127.035 GC heap before
{Heap before GC invocations=80 (full 0):
 garbage-first heap   total 328704K, used 262732K [0x0000000080000000, 0x0000000100000000)
  region size 1024K, 35 young (35840K), 5 survivors (5120K)
 Metaspace       used 131183K, capacity 134545K, committed 135660K, reserved 1167360K
  class space    used 15802K, capacity 17033K, committed 17408K, reserved 1048576K
}
Event: 127.041 GC heap after
{Heap after GC invocations=81 (full 0):
 garbage-first heap   total 328704K, used 237474K [0x0000000080000000, 0x0000000100000000)
  region size 1024K, 5 young (5120K), 5 survivors (5120K)
 Metaspace       used 131183K, capacity 134545K, committed 135660K, reserved 1167360K
  class space    used 15802K, capacity 17033K, committed 17408K, reserved 1048576K
}
Event: 127.326 GC heap before
{Heap before GC invocations=82 (full 0):
 garbage-first heap   total 328704K, used 269218K [0x0000000080000000, 0x0000000100000000)
  region size 1024K, 36 young (36864K), 5 survivors (5120K)
 Metaspace       used 131245K, capacity 134647K, committed 135660K, reserved 1167360K
  class space    used 15807K, capacity 17066K, committed 17408K, reserved 1048576K
}
Event: 127.353 GC heap after
{Heap after GC invocations=83 (full 0):
 garbage-first heap   total 422912K, used 246003K [0x0000000080000000, 0x0000000100000000)
  region size 1024K, 5 young (5120K), 5 survivors (5120K)
 Metaspace       used 131245K, capacity 134647K, committed 135660K, reserved 1167360K
  class space    used 15807K, capacity 17066K, committed 17408K, reserved 1048576K
}
Event: 127.435 GC heap before
{Heap before GC invocations=83 (full 0):
 garbage-first heap   total 422912K, used 260339K [0x0000000080000000, 0x0000000100000000)
  region size 1024K, 20 young (20480K), 5 survivors (5120K)
 Metaspace       used 131245K, capacity 134647K, committed 135660K, reserved 1167360K
  class space    used 15807K, capacity 17066K, committed 17408K, reserved 1048576K
}
Event: 127.467 GC heap after
{Heap after GC invocations=84 (full 0):
 garbage-first heap   total 422912K, used 208592K [0x0000000080000000, 0x0000000100000000)
  region size 1024K, 3 young (3072K), 3 survivors (3072K)
 Metaspace       used 131245K, capacity 134647K, committed 135660K, reserved 1167360K
  class space    used 15807K, capacity 17066K, committed 17408K, reserved 1048576K
}
Event: 127.548 GC heap before
{Heap before GC invocations=84 (full 0):
 garbage-first heap   total 422912K, used 226000K [0x0000000080000000, 0x0000000100000000)
  region size 1024K, 20 young (20480K), 3 survivors (3072K)
 Metaspace       used 131245K, capacity 134647K, committed 135660K, reserved 1167360K
  class space    used 15807K, capacity 17066K, committed 17408K, reserved 1048576K
}
Event: 127.589 GC heap after
{Heap after GC invocations=85 (full 0):
 garbage-first heap   total 422912K, used 191838K [0x0000000080000000, 0x0000000100000000)
  region size 1024K, 3 young (3072K), 3 survivors (3072K)
 Metaspace       used 131245K, capacity 134647K, committed 135660K, reserved 1167360K
  class space    used 15807K, capacity 17066K, committed 17408K, reserved 1048576K
}
Event: 127.934 GC heap before
{Heap before GC invocations=85 (full 0):
 garbage-first heap   total 422912K, used 264542K [0x0000000080000000, 0x0000000100000000)
  region size 1024K, 75 young (76800K), 3 survivors (3072K)
 Metaspace       used 131245K, capacity 134647K, committed 135660K, reserved 1167360K
  class space    used 15807K, capacity 17066K, committed 17408K, reserved 1048576K
}
Event: 127.997 GC heap after
{Heap after GC invocations=86 (full 0):
 garbage-first heap   total 422912K, used 210331K [0x0000000080000000, 0x0000000100000000)
  region size 1024K, 10 young (10240K), 10 survivors (10240K)
 Metaspace       used 131245K, capacity 134647K, committed 135660K, reserved 1167360K
  class space    used 15807K, capacity 17066K, committed 17408K, reserved 1048576K
}
Event: 128.256 GC heap before
{Heap before GC invocations=86 (full 0):
 garbage-first heap   total 422912K, used 284059K [0x0000000080000000, 0x0000000100000000)
  region size 1024K, 80 young (81920K), 10 survivors (10240K)
 Metaspace       used 131247K, capacity 134647K, committed 135660K, reserved 1167360K
  class space    used 15807K, capacity 17066K, committed 17408K, reserved 1048576K
}

