# JRE version: OpenJDK Runtime Environment (11.0.13) (build 11.0.13+0-b1751.21-8125866)
# Java VM: OpenJDK 64-Bit Server VM (11.0.13+0-b1751.21-8125866, mixed mode, tiered, compressed oops, g1 gc, windows-amd64)
Heap:
 garbage-first heap   total 227328K, used 143081K [0x0000000080000000, 0x0000000100000000)
  region size 1024K, 27 young (27648K), 10 survivors (10240K)
 Metaspace       used 102754K, capacity 105430K, committed 105684K, reserved 1140736K
  class space    used 13123K, capacity 14151K, committed 14240K, reserved 1048576K
GC Heap History (20 events):
Event: 74.327 GC heap before
{Heap before GC invocations=30 (full 0):
 garbage-first heap   total 227328K, used 189308K [0x0000000080000000, 0x0000000100000000)
  region size 1024K, 77 young (78848K), 6 survivors (6144K)
 Metaspace       used 102425K, capacity 105107K, committed 105428K, reserved 1140736K
  class space    used 13115K, capacity 14144K, committed 14240K, reserved 1048576K
}
Event: 74.351 GC heap after
{Heap after GC invocations=31 (full 0):
 garbage-first heap   total 227328K, used 119436K [0x0000000080000000, 0x0000000100000000)
  region size 1024K, 6 young (6144K), 6 survivors (6144K)
 Metaspace       used 102425K, capacity 105107K, committed 105428K, reserved 1140736K
  class space    used 13115K, capacity 14144K, committed 14240K, reserved 1048576K
}
Event: 74.934 GC heap before
{Heap before GC invocations=31 (full 0):
 garbage-first heap   total 227328K, used 190092K [0x0000000080000000, 0x0000000100000000)
  region size 1024K, 75 young (76800K), 6 survivors (6144K)
 Metaspace       used 102447K, capacity 105176K, committed 105428K, reserved 1140736K
  class space    used 13117K, capacity 14146K, committed 14240K, reserved 1048576K
}
Event: 74.955 GC heap after
{Heap after GC invocations=32 (full 0):
 garbage-first heap   total 227328K, used 118842K [0x0000000080000000, 0x0000000100000000)
  region size 1024K, 5 young (5120K), 5 survivors (5120K)
 Metaspace       used 102447K, capacity 105176K, committed 105428K, reserved 1140736K
  class space    used 13117K, capacity 14146K, committed 14240K, reserved 1048576K
}
Event: 76.182 GC heap before
{Heap before GC invocations=33 (full 0):
 garbage-first heap   total 227328K, used 190522K [0x0000000080000000, 0x0000000100000000)
  region size 1024K, 75 young (76800K), 5 survivors (5120K)
 Metaspace       used 102465K, capacity 105169K, committed 105428K, reserved 1140736K
  class space    used 13116K, capacity 14143K, committed 14240K, reserved 1048576K
}
Event: 76.197 GC heap after
{Heap after GC invocations=34 (full 0):
 garbage-first heap   total 227328K, used 118542K [0x0000000080000000, 0x0000000100000000)
  region size 1024K, 5 young (5120K), 5 survivors (5120K)
 Metaspace       used 102465K, capacity 105169K, committed 105428K, reserved 1140736K
  class space    used 13116K, capacity 14143K, committed 14240K, reserved 1048576K
}
Event: 76.479 GC heap before
{Heap before GC invocations=34 (full 0):
 garbage-first heap   total 227328K, used 192270K [0x0000000080000000, 0x0000000100000000)
  region size 1024K, 77 young (78848K), 5 survivors (5120K)
 Metaspace       used 102479K, capacity 105170K, committed 105428K, reserved 1140736K
  class space    used 13117K, capacity 14143K, committed 14240K, reserved 1048576K
}
Event: 76.503 GC heap after
{Heap after GC invocations=35 (full 0):
 garbage-first heap   total 227328K, used 119977K [0x0000000080000000, 0x0000000100000000)
  region size 1024K, 6 young (6144K), 6 survivors (6144K)
 Metaspace       used 102479K, capacity 105170K, committed 105428K, reserved 1140736K
  class space    used 13117K, capacity 14143K, committed 14240K, reserved 1048576K
}
Event: 77.513 GC heap before
{Heap before GC invocations=36 (full 0):
 garbage-first heap   total 227328K, used 193705K [0x0000000080000000, 0x0000000100000000)
  region size 1024K, 78 young (79872K), 6 survivors (6144K)
 Metaspace       used 102493K, capacity 105173K, committed 105428K, reserved 1140736K
  class space    used 13117K, capacity 14144K, committed 14240K, reserved 1048576K
}
Event: 77.531 GC heap after
{Heap after GC invocations=37 (full 0):
 garbage-first heap   total 227328K, used 121371K [0x0000000080000000, 0x0000000100000000)
  region size 1024K, 7 young (7168K), 7 survivors (7168K)
 Metaspace       used 102493K, capacity 105173K, committed 105428K, reserved 1140736K
  class space    used 13117K, capacity 14144K, committed 14240K, reserved 1048576K
}
Event: 78.085 GC heap before
{Heap before GC invocations=37 (full 0):
 garbage-first heap   total 227328K, used 194075K [0x0000000080000000, 0x0000000100000000)
  region size 1024K, 78 young (79872K), 7 survivors (7168K)
 Metaspace       used 102500K, capacity 105174K, committed 105428K, reserved 1140736K
  class space    used 13117K, capacity 14144K, committed 14240K, reserved 1048576K
}
Event: 78.107 GC heap after
{Heap after GC invocations=38 (full 0):
 garbage-first heap   total 227328K, used 120055K [0x0000000080000000, 0x0000000100000000)
  region size 1024K, 3 young (3072K), 3 survivors (3072K)
 Metaspace       used 102500K, capacity 105174K, committed 105428K, reserved 1140736K
  class space    used 13117K, capacity 14144K, committed 14240K, reserved 1048576K
}
Event: 79.303 GC heap before
{Heap before GC invocations=39 (full 0):
 garbage-first heap   total 227328K, used 195831K [0x0000000080000000, 0x0000000100000000)
  region size 1024K, 77 young (78848K), 3 survivors (3072K)
 Metaspace       used 102509K, capacity 105174K, committed 105428K, reserved 1140736K
  class space    used 13117K, capacity 14144K, committed 14240K, reserved 1048576K
}
Event: 79.313 GC heap after
{Heap after GC invocations=40 (full 0):
 garbage-first heap   total 227328K, used 120068K [0x0000000080000000, 0x0000000100000000)
  region size 1024K, 3 young (3072K), 3 survivors (3072K)
 Metaspace       used 102509K, capacity 105174K, committed 105428K, reserved 1140736K
  class space    used 13117K, capacity 14144K, committed 14240K, reserved 1048576K
}
Event: 79.954 GC heap before
{Heap before GC invocations=40 (full 0):
 garbage-first heap   total 227328K, used 195844K [0x0000000080000000, 0x0000000100000000)
  region size 1024K, 77 young (78848K), 3 survivors (3072K)
 Metaspace       used 102528K, capacity 105238K, committed 105428K, reserved 1140736K
  class space    used 13119K, capacity 14144K, committed 14240K, reserved 1048576K
}
Event: 79.970 GC heap after
{Heap after GC invocations=41 (full 0):
 garbage-first heap   total 227328K, used 120859K [0x0000000080000000, 0x0000000100000000)
  region size 1024K, 4 young (4096K), 4 survivors (4096K)
 Metaspace       used 102528K, capacity 105238K, committed 105428K, reserved 1140736K
  class space    used 13119K, capacity 14144K, committed 14240K, reserved 1048576K
}
Event: 81.057 GC heap before
{Heap before GC invocations=42 (full 0):
 garbage-first heap   total 227328K, used 195611K [0x0000000080000000, 0x0000000100000000)
  region size 1024K, 78 young (79872K), 4 survivors (4096K)
 Metaspace       used 102749K, capacity 105429K, committed 105684K, reserved 1140736K
  class space    used 13123K, capacity 14151K, committed 14240K, reserved 1048576K
}
Event: 81.070 GC heap after
{Heap after GC invocations=43 (full 0):
 garbage-first heap   total 227328K, used 120504K [0x0000000080000000, 0x0000000100000000)
  region size 1024K, 3 young (3072K), 3 survivors (3072K)
 Metaspace       used 102749K, capacity 105429K, committed 105684K, reserved 1140736K
  class space    used 13123K, capacity 14151K, committed 14240K, reserved 1048576K
}
Event: 81.551 GC heap before
{Heap before GC invocations=43 (full 0):
 garbage-first heap   total 227328K, used 197304K [0x0000000080000000, 0x0000000100000000)
  region size 1024K, 78 young (79872K), 3 survivors (3072K)
 Metaspace       used 102754K, capacity 105430K, committed 105684K, reserved 1140736K
  class space    used 13123K, capacity 14151K, committed 14240K, reserved 1048576K
}
Event: 81.566 GC heap after
{Heap after GC invocations=44 (full 0):
 garbage-first heap   total 227328K, used 127721K [0x0000000080000000, 0x0000000100000000)
  region size 1024K, 10 young (10240K), 10 survivors (10240K)
 Metaspace       used 102754K, capacity 105430K, committed 105684K, reserved 1140736K
  class space    used 13123K, capacity 14151K, committed 14240K, reserved 1048576K
}

