# JRE version: OpenJDK Runtime Environment (11.0.13) (build 11.0.13+0-b1751.21-8125866)
# Java VM: OpenJDK 64-Bit Server VM (11.0.13+0-b1751.21-8125866, mixed mode, tiered, compressed oops, g1 gc, windows-amd64)
Heap:
 garbage-first heap   total 463872K, used 299891K [0x0000000080000000, 0x0000000100000000)
  region size 1024K, 125 young (128000K), 28 survivors (28672K)
 Metaspace       used 130198K, capacity 134246K, committed 134344K, reserved 1167360K
  class space    used 16048K, capacity 17534K, committed 17536K, reserved 1048576K
GC Heap History (20 events):
Event: 574.289 GC heap before
{Heap before GC invocations=96 (full 0):
 garbage-first heap   total 463872K, used 386465K [0x0000000080000000, 0x0000000100000000)
  region size 1024K, 227 young (232448K), 15 survivors (15360K)
 Metaspace       used 107808K, capacity 110880K, committed 111048K, reserved 1146880K
  class space    used 13308K, capacity 14411K, committed 14464K, reserved 1048576K
}
Event: 574.315 GC heap after
{Heap after GC invocations=97 (full 0):
 garbage-first heap   total 463872K, used 169377K [0x0000000080000000, 0x0000000100000000)
  region size 1024K, 16 young (16384K), 16 survivors (16384K)
 Metaspace       used 107808K, capacity 110880K, committed 111048K, reserved 1146880K
  class space    used 13308K, capacity 14411K, committed 14464K, reserved 1048576K
}
Event: 574.929 GC heap before
{Heap before GC invocations=97 (full 0):
 garbage-first heap   total 463872K, used 390561K [0x0000000080000000, 0x0000000100000000)
  region size 1024K, 229 young (234496K), 16 survivors (16384K)
 Metaspace       used 107847K, capacity 110944K, committed 111048K, reserved 1146880K
  class space    used 13308K, capacity 14411K, committed 14464K, reserved 1048576K
}
Event: 574.956 GC heap after
{Heap after GC invocations=98 (full 0):
 garbage-first heap   total 463872K, used 173842K [0x0000000080000000, 0x0000000100000000)
  region size 1024K, 16 young (16384K), 16 survivors (16384K)
 Metaspace       used 107847K, capacity 110944K, committed 111048K, reserved 1146880K
  class space    used 13308K, capacity 14411K, committed 14464K, reserved 1048576K
}
Event: 575.688 GC heap before
{Heap before GC invocations=98 (full 0):
 garbage-first heap   total 463872K, used 388882K [0x0000000080000000, 0x0000000100000000)
  region size 1024K, 227 young (232448K), 16 survivors (16384K)
 Metaspace       used 107918K, capacity 110945K, committed 111048K, reserved 1146880K
  class space    used 13308K, capacity 14411K, committed 14464K, reserved 1048576K
}
Event: 575.706 GC heap after
{Heap after GC invocations=99 (full 0):
 garbage-first heap   total 463872K, used 172818K [0x0000000080000000, 0x0000000100000000)
  region size 1024K, 15 young (15360K), 15 survivors (15360K)
 Metaspace       used 107918K, capacity 110945K, committed 111048K, reserved 1146880K
  class space    used 13308K, capacity 14411K, committed 14464K, reserved 1048576K
}
Event: 576.334 GC heap before
{Heap before GC invocations=99 (full 0):
 garbage-first heap   total 463872K, used 390930K [0x0000000080000000, 0x0000000100000000)
  region size 1024K, 228 young (233472K), 15 survivors (15360K)
 Metaspace       used 107925K, capacity 110945K, committed 111048K, reserved 1146880K
  class space    used 13308K, capacity 14411K, committed 14464K, reserved 1048576K
}
Event: 576.355 GC heap after
{Heap after GC invocations=100 (full 0):
 garbage-first heap   total 463872K, used 172306K [0x0000000080000000, 0x0000000100000000)
  region size 1024K, 14 young (14336K), 14 survivors (14336K)
 Metaspace       used 107925K, capacity 110945K, committed 111048K, reserved 1146880K
  class space    used 13308K, capacity 14411K, committed 14464K, reserved 1048576K
}
Event: 606.420 GC heap before
{Heap before GC invocations=100 (full 0):
 garbage-first heap   total 463872K, used 392466K [0x0000000080000000, 0x0000000100000000)
  region size 1024K, 230 young (235520K), 14 survivors (14336K)
 Metaspace       used 109126K, capacity 112213K, committed 112456K, reserved 1146880K
  class space    used 13426K, capacity 14586K, committed 14592K, reserved 1048576K
}
Event: 606.440 GC heap after
{Heap after GC invocations=101 (full 0):
 garbage-first heap   total 463872K, used 169746K [0x0000000080000000, 0x0000000100000000)
  region size 1024K, 12 young (12288K), 12 survivors (12288K)
 Metaspace       used 109126K, capacity 112213K, committed 112456K, reserved 1146880K
  class space    used 13426K, capacity 14586K, committed 14592K, reserved 1048576K
}
Event: 608.331 GC heap before
{Heap before GC invocations=101 (full 0):
 garbage-first heap   total 463872K, used 396050K [0x0000000080000000, 0x0000000100000000)
  region size 1024K, 231 young (236544K), 12 survivors (12288K)
 Metaspace       used 109433K, capacity 112510K, committed 112840K, reserved 1146880K
  class space    used 13451K, capacity 14621K, committed 14720K, reserved 1048576K
}
Event: 608.356 GC heap after
{Heap after GC invocations=102 (full 0):
 garbage-first heap   total 463872K, used 173330K [0x0000000080000000, 0x0000000100000000)
  region size 1024K, 13 young (13312K), 13 survivors (13312K)
 Metaspace       used 109433K, capacity 112510K, committed 112840K, reserved 1146880K
  class space    used 13451K, capacity 14621K, committed 14720K, reserved 1048576K
}
Event: 961.565 GC heap before
{Heap before GC invocations=102 (full 0):
 garbage-first heap   total 463872K, used 396562K [0x0000000080000000, 0x0000000100000000)
  region size 1024K, 231 young (236544K), 13 survivors (13312K)
 Metaspace       used 116642K, capacity 120045K, committed 120136K, reserved 1155072K
  class space    used 14272K, capacity 15525K, committed 15616K, reserved 1048576K
}
Event: 961.597 GC heap after
{Heap after GC invocations=103 (full 0):
 garbage-first heap   total 463872K, used 171794K [0x0000000080000000, 0x0000000100000000)
  region size 1024K, 14 young (14336K), 14 survivors (14336K)
 Metaspace       used 116642K, capacity 120045K, committed 120136K, reserved 1155072K
  class space    used 14272K, capacity 15525K, committed 15616K, reserved 1048576K
}
Event: 969.564 GC heap before
{Heap before GC invocations=103 (full 0):
 garbage-first heap   total 463872K, used 395026K [0x0000000080000000, 0x0000000100000000)
  region size 1024K, 233 young (238592K), 14 survivors (14336K)
 Metaspace       used 123716K, capacity 127436K, committed 127560K, reserved 1161216K
  class space    used 15127K, capacity 16525K, committed 16640K, reserved 1048576K
}
Event: 969.617 GC heap after
{Heap after GC invocations=104 (full 0):
 garbage-first heap   total 463872K, used 184082K [0x0000000080000000, 0x0000000100000000)
  region size 1024K, 26 young (26624K), 26 survivors (26624K)
 Metaspace       used 123716K, capacity 127436K, committed 127560K, reserved 1161216K
  class space    used 15127K, capacity 16525K, committed 16640K, reserved 1048576K
}
Event: 971.050 GC heap before
{Heap before GC invocations=104 (full 0):
 garbage-first heap   total 463872K, used 387858K [0x0000000080000000, 0x0000000100000000)
  region size 1024K, 226 young (231424K), 26 survivors (26624K)
 Metaspace       used 123854K, capacity 127610K, committed 127816K, reserved 1161216K
  class space    used 15145K, capacity 16537K, committed 16640K, reserved 1048576K
}
Event: 971.099 GC heap after
{Heap after GC invocations=105 (full 0):
 garbage-first heap   total 463872K, used 184038K [0x0000000080000000, 0x0000000100000000)
  region size 1024K, 13 young (13312K), 13 survivors (13312K)
 Metaspace       used 123854K, capacity 127610K, committed 127816K, reserved 1161216K
  class space    used 15145K, capacity 16537K, committed 16640K, reserved 1048576K
}
Event: 975.262 GC heap before
{Heap before GC invocations=105 (full 0):
 garbage-first heap   total 463872K, used 397030K [0x0000000080000000, 0x0000000100000000)
  region size 1024K, 222 young (227328K), 13 survivors (13312K)
 Metaspace       used 126114K, capacity 129988K, committed 130120K, reserved 1163264K
  class space    used 15435K, capacity 16874K, committed 16896K, reserved 1048576K
}
Event: 975.328 GC heap after
{Heap after GC invocations=106 (full 0):
 garbage-first heap   total 463872K, used 202611K [0x0000000080000000, 0x0000000100000000)
  region size 1024K, 28 young (28672K), 28 survivors (28672K)
 Metaspace       used 126114K, capacity 129988K, committed 130120K, reserved 1163264K
  class space    used 15435K, capacity 16874K, committed 16896K, reserved 1048576K
}

