# JRE version: OpenJDK Runtime Environment (11.0.13) (build 11.0.13+0-b1751.21-8125866)
# Java VM: OpenJDK 64-Bit Server VM (11.0.13+0-b1751.21-8125866, mixed mode, tiered, compressed oops, g1 gc, windows-amd64)
Heap:
 garbage-first heap   total 529408K, used 178642K [0x0000000080000000, 0x0000000100000000)
  region size 1024K, 15 young (15360K), 15 survivors (15360K)
 Metaspace       used 103540K, capacity 106322K, committed 106588K, reserved 1142784K
  class space    used 13155K, capacity 14200K, committed 14368K, reserved 1048576K
GC Heap History (20 events):
Event: 76.878 GC heap after
{Heap after GC invocations=61 (full 0):
 garbage-first heap   total 463872K, used 148627K [0x0000000080000000, 0x0000000100000000)
  region size 1024K, 22 young (22528K), 22 survivors (22528K)
 Metaspace       used 103484K, capacity 106309K, committed 106588K, reserved 1142784K
  class space    used 13154K, capacity 14198K, committed 14368K, reserved 1048576K
}
Event: 77.987 GC heap before
{Heap before GC invocations=61 (full 0):
 garbage-first heap   total 463872K, used 389267K [0x0000000080000000, 0x0000000100000000)
  region size 1024K, 257 young (263168K), 22 survivors (22528K)
 Metaspace       used 103489K, capacity 106309K, committed 106588K, reserved 1142784K
  class space    used 13154K, capacity 14198K, committed 14368K, reserved 1048576K
}
Event: 78.048 GC heap after
{Heap after GC invocations=62 (full 0):
 garbage-first heap   total 463872K, used 155180K [0x0000000080000000, 0x0000000100000000)
  region size 1024K, 9 young (9216K), 9 survivors (9216K)
 Metaspace       used 103489K, capacity 106309K, committed 106588K, reserved 1142784K
  class space    used 13154K, capacity 14198K, committed 14368K, reserved 1048576K
}
Event: 78.940 GC heap before
{Heap before GC invocations=62 (full 0):
 garbage-first heap   total 463872K, used 389676K [0x0000000080000000, 0x0000000100000000)
  region size 1024K, 238 young (243712K), 9 survivors (9216K)
 Metaspace       used 103492K, capacity 106309K, committed 106588K, reserved 1142784K
  class space    used 13154K, capacity 14198K, committed 14368K, reserved 1048576K
}
Event: 78.960 GC heap after
{Heap after GC invocations=63 (full 0):
 garbage-first heap   total 463872K, used 156716K [0x0000000080000000, 0x0000000100000000)
  region size 1024K, 11 young (11264K), 11 survivors (11264K)
 Metaspace       used 103492K, capacity 106309K, committed 106588K, reserved 1142784K
  class space    used 13154K, capacity 14198K, committed 14368K, reserved 1048576K
}
Event: 79.949 GC heap before
{Heap before GC invocations=63 (full 0):
 garbage-first heap   total 463872K, used 391212K [0x0000000080000000, 0x0000000100000000)
  region size 1024K, 240 young (245760K), 11 survivors (11264K)
 Metaspace       used 103495K, capacity 106309K, committed 106588K, reserved 1142784K
  class space    used 13154K, capacity 14198K, committed 14368K, reserved 1048576K
}
Event: 79.978 GC heap after
{Heap after GC invocations=64 (full 0):
 garbage-first heap   total 463872K, used 158238K [0x0000000080000000, 0x0000000100000000)
  region size 1024K, 12 young (12288K), 12 survivors (12288K)
 Metaspace       used 103495K, capacity 106309K, committed 106588K, reserved 1142784K
  class space    used 13154K, capacity 14198K, committed 14368K, reserved 1048576K
}
Event: 80.967 GC heap before
{Heap before GC invocations=64 (full 0):
 garbage-first heap   total 463872K, used 394782K [0x0000000080000000, 0x0000000100000000)
  region size 1024K, 243 young (248832K), 12 survivors (12288K)
 Metaspace       used 103500K, capacity 106310K, committed 106588K, reserved 1142784K
  class space    used 13154K, capacity 14198K, committed 14368K, reserved 1048576K
}
Event: 80.989 GC heap after
{Heap after GC invocations=65 (full 0):
 garbage-first heap   total 463872K, used 157740K [0x0000000080000000, 0x0000000100000000)
  region size 1024K, 12 young (12288K), 12 survivors (12288K)
 Metaspace       used 103500K, capacity 106310K, committed 106588K, reserved 1142784K
  class space    used 13154K, capacity 14198K, committed 14368K, reserved 1048576K
}
Event: 82.036 GC heap before
{Heap before GC invocations=65 (full 0):
 garbage-first heap   total 463872K, used 395308K [0x0000000080000000, 0x0000000100000000)
  region size 1024K, 245 young (250880K), 12 survivors (12288K)
 Metaspace       used 103511K, capacity 106310K, committed 106588K, reserved 1142784K
  class space    used 13154K, capacity 14198K, committed 14368K, reserved 1048576K
}
Event: 82.063 GC heap after
{Heap after GC invocations=66 (full 0):
 garbage-first heap   total 463872K, used 159276K [0x0000000080000000, 0x0000000100000000)
  region size 1024K, 13 young (13312K), 13 survivors (13312K)
 Metaspace       used 103511K, capacity 106310K, committed 106588K, reserved 1142784K
  class space    used 13154K, capacity 14198K, committed 14368K, reserved 1048576K
}
Event: 83.403 GC heap before
{Heap before GC invocations=66 (full 0):
 garbage-first heap   total 463872K, used 399916K [0x0000000080000000, 0x0000000100000000)
  region size 1024K, 247 young (252928K), 13 survivors (13312K)
 Metaspace       used 103521K, capacity 106310K, committed 106588K, reserved 1142784K
  class space    used 13154K, capacity 14198K, committed 14368K, reserved 1048576K
}
Event: 83.438 GC heap after
{Heap after GC invocations=67 (full 0):
 garbage-first heap   total 463872K, used 165420K [0x0000000080000000, 0x0000000100000000)
  region size 1024K, 19 young (19456K), 19 survivors (19456K)
 Metaspace       used 103521K, capacity 106310K, committed 106588K, reserved 1142784K
  class space    used 13154K, capacity 14198K, committed 14368K, reserved 1048576K
}
Event: 84.633 GC heap before
{Heap before GC invocations=67 (full 0):
 garbage-first heap   total 463872K, used 396844K [0x0000000080000000, 0x0000000100000000)
  region size 1024K, 245 young (250880K), 19 survivors (19456K)
 Metaspace       used 103525K, capacity 106310K, committed 106588K, reserved 1142784K
  class space    used 13154K, capacity 14198K, committed 14368K, reserved 1048576K
}
Event: 84.707 GC heap after
{Heap after GC invocations=68 (full 0):
 garbage-first heap   total 463872K, used 176695K [0x0000000080000000, 0x0000000100000000)
  region size 1024K, 25 young (25600K), 25 survivors (25600K)
 Metaspace       used 103525K, capacity 106310K, committed 106588K, reserved 1142784K
  class space    used 13154K, capacity 14198K, committed 14368K, reserved 1048576K
}
Event: 85.560 GC heap before
{Heap before GC invocations=68 (full 0):
 garbage-first heap   total 463872K, used 390711K [0x0000000080000000, 0x0000000100000000)
  region size 1024K, 234 young (239616K), 25 survivors (25600K)
 Metaspace       used 103527K, capacity 106310K, committed 106588K, reserved 1142784K
  class space    used 13154K, capacity 14198K, committed 14368K, reserved 1048576K
}
Event: 85.612 GC heap after
{Heap after GC invocations=69 (full 0):
 garbage-first heap   total 463872K, used 176082K [0x0000000080000000, 0x0000000100000000)
  region size 1024K, 13 young (13312K), 13 survivors (13312K)
 Metaspace       used 103527K, capacity 106310K, committed 106588K, reserved 1142784K
  class space    used 13154K, capacity 14198K, committed 14368K, reserved 1048576K
}
Event: 86.595 GC heap before
{Heap before GC invocations=69 (full 0):
 garbage-first heap   total 463872K, used 393170K [0x0000000080000000, 0x0000000100000000)
  region size 1024K, 225 young (230400K), 13 survivors (13312K)
 Metaspace       used 103537K, capacity 106322K, committed 106588K, reserved 1142784K
  class space    used 13155K, capacity 14200K, committed 14368K, reserved 1048576K
}
Event: 86.636 GC heap after
{Heap after GC invocations=70 (full 0):
 garbage-first heap   total 463872K, used 178642K [0x0000000080000000, 0x0000000100000000)
  region size 1024K, 15 young (15360K), 15 survivors (15360K)
 Metaspace       used 103537K, capacity 106322K, committed 106588K, reserved 1142784K
  class space    used 13155K, capacity 14200K, committed 14368K, reserved 1048576K
}
Event: 88.943 GC heap before
{Heap before GC invocations=70 (full 0):
 garbage-first heap   total 463872K, used 395730K [0x0000000080000000, 0x0000000100000000)
  region size 1024K, 227 young (232448K), 15 survivors (15360K)
 Metaspace       used 103540K, capacity 106322K, committed 106588K, reserved 1142784K
  class space    used 13155K, capacity 14200K, committed 14368K, reserved 1048576K
}

