# JRE version: OpenJDK Runtime Environment (11.0.13) (build 11.0.13+0-b1751.21-8125866)
# Java VM: OpenJDK 64-Bit Server VM (11.0.13+0-b1751.21-8125866, mixed mode, tiered, compressed oops, g1 gc, windows-amd64)
Heap:
 garbage-first heap   total 763904K, used 284672K [0x0000000080000000, 0x0000000100000000)
  region size 1024K, 8 young (8192K), 8 survivors (8192K)
 Metaspace       used 114328K, capacity 117256K, committed 117500K, reserved 1150976K
  class space    used 14082K, capacity 15159K, committed 15212K, reserved 1048576K
GC Heap History (20 events):
Event: 55.470 GC heap after
{Heap after GC invocations=39 (full 0):
 garbage-first heap   total 229376K, used 168217K [0x0000000080000000, 0x0000000100000000)
  region size 1024K, 4 young (4096K), 4 survivors (4096K)
 Metaspace       used 109193K, capacity 111767K, committed 111996K, reserved 1146880K
  class space    used 13325K, capacity 14271K, committed 14316K, reserved 1048576K
}
Event: 55.837 GC heap before
{Heap before GC invocations=40 (full 0):
 garbage-first heap   total 229376K, used 190745K [0x0000000080000000, 0x0000000100000000)
  region size 1024K, 25 young (25600K), 4 survivors (4096K)
 Metaspace       used 109468K, capacity 112122K, committed 112380K, reserved 1146880K
  class space    used 13371K, capacity 14346K, committed 14444K, reserved 1048576K
}
Event: 55.896 GC heap after
{Heap after GC invocations=41 (full 0):
 garbage-first heap   total 275456K, used 177152K [0x0000000080000000, 0x0000000100000000)
  region size 1024K, 4 young (4096K), 4 survivors (4096K)
 Metaspace       used 109468K, capacity 112122K, committed 112380K, reserved 1146880K
  class space    used 13371K, capacity 14346K, committed 14444K, reserved 1048576K
}
Event: 55.992 GC heap before
{Heap before GC invocations=41 (full 0):
 garbage-first heap   total 275456K, used 185344K [0x0000000080000000, 0x0000000100000000)
  region size 1024K, 13 young (13312K), 4 survivors (4096K)
 Metaspace       used 110018K, capacity 112687K, committed 113020K, reserved 1148928K
  class space    used 13462K, capacity 14474K, committed 14572K, reserved 1048576K
}
Event: 56.019 GC heap after
{Heap after GC invocations=42 (full 0):
 garbage-first heap   total 275456K, used 177826K [0x0000000080000000, 0x0000000100000000)
  region size 1024K, 1 young (1024K), 1 survivors (1024K)
 Metaspace       used 110018K, capacity 112687K, committed 113020K, reserved 1148928K
  class space    used 13462K, capacity 14474K, committed 14572K, reserved 1048576K
}
Event: 56.526 GC heap before
{Heap before GC invocations=42 (full 0):
 garbage-first heap   total 275456K, used 211618K [0x0000000080000000, 0x0000000100000000)
  region size 1024K, 35 young (35840K), 1 survivors (1024K)
 Metaspace       used 111277K, capacity 113967K, committed 114300K, reserved 1148928K
  class space    used 13713K, capacity 14707K, committed 14828K, reserved 1048576K
}
Event: 56.538 GC heap after
{Heap after GC invocations=43 (full 0):
 garbage-first heap   total 275456K, used 179332K [0x0000000080000000, 0x0000000100000000)
  region size 1024K, 3 young (3072K), 3 survivors (3072K)
 Metaspace       used 111277K, capacity 113967K, committed 114300K, reserved 1148928K
  class space    used 13713K, capacity 14707K, committed 14828K, reserved 1048576K
}
Event: 57.408 GC heap before
{Heap before GC invocations=43 (full 0):
 garbage-first heap   total 275456K, used 215172K [0x0000000080000000, 0x0000000100000000)
  region size 1024K, 39 young (39936K), 3 survivors (3072K)
 Metaspace       used 111429K, capacity 114116K, committed 114300K, reserved 1148928K
  class space    used 13715K, capacity 14710K, committed 14828K, reserved 1048576K
}
Event: 57.456 GC heap after
{Heap after GC invocations=44 (full 0):
 garbage-first heap   total 275456K, used 197013K [0x0000000080000000, 0x0000000100000000)
  region size 1024K, 5 young (5120K), 5 survivors (5120K)
 Metaspace       used 111429K, capacity 114116K, committed 114300K, reserved 1148928K
  class space    used 13715K, capacity 14710K, committed 14828K, reserved 1048576K
}
Event: 57.981 GC heap before
{Heap before GC invocations=45 (full 0):
 garbage-first heap   total 275456K, used 222613K [0x0000000080000000, 0x0000000100000000)
  region size 1024K, 30 young (30720K), 5 survivors (5120K)
 Metaspace       used 111433K, capacity 114117K, committed 114300K, reserved 1148928K
  class space    used 13715K, capacity 14710K, committed 14828K, reserved 1048576K
}
Event: 58.049 GC heap after
{Heap after GC invocations=46 (full 0):
 garbage-first heap   total 275456K, used 212480K [0x0000000080000000, 0x0000000100000000)
  region size 1024K, 4 young (4096K), 4 survivors (4096K)
 Metaspace       used 111433K, capacity 114117K, committed 114300K, reserved 1148928K
  class space    used 13715K, capacity 14710K, committed 14828K, reserved 1048576K
}
Event: 58.281 GC heap before
{Heap before GC invocations=46 (full 0):
 garbage-first heap   total 275456K, used 221696K [0x0000000080000000, 0x0000000100000000)
  region size 1024K, 13 young (13312K), 4 survivors (4096K)
 Metaspace       used 111440K, capacity 114117K, committed 114300K, reserved 1148928K
  class space    used 13715K, capacity 14710K, committed 14828K, reserved 1048576K
}
Event: 58.320 GC heap after
{Heap after GC invocations=47 (full 0):
 garbage-first heap   total 430080K, used 215040K [0x0000000080000000, 0x0000000100000000)
  region size 1024K, 2 young (2048K), 2 survivors (2048K)
 Metaspace       used 111440K, capacity 114117K, committed 114300K, reserved 1148928K
  class space    used 13715K, capacity 14710K, committed 14828K, reserved 1048576K
}
Event: 59.561 GC heap before
{Heap before GC invocations=47 (full 0):
 garbage-first heap   total 430080K, used 285696K [0x0000000080000000, 0x0000000100000000)
  region size 1024K, 70 young (71680K), 2 survivors (2048K)
 Metaspace       used 111934K, capacity 114620K, committed 114812K, reserved 1148928K
  class space    used 13782K, capacity 14792K, committed 14828K, reserved 1048576K
}
Event: 59.654 GC heap after
{Heap after GC invocations=48 (full 0):
 garbage-first heap   total 430080K, used 251473K [0x0000000080000000, 0x0000000100000000)
  region size 1024K, 9 young (9216K), 9 survivors (9216K)
 Metaspace       used 111934K, capacity 114620K, committed 114812K, reserved 1148928K
  class space    used 13782K, capacity 14792K, committed 14828K, reserved 1048576K
}
Event: 61.039 GC heap before
{Heap before GC invocations=48 (full 0):
 garbage-first heap   total 430080K, used 306769K [0x0000000080000000, 0x0000000100000000)
  region size 1024K, 64 young (65536K), 9 survivors (9216K)
 Metaspace       used 113601K, capacity 116428K, committed 116604K, reserved 1150976K
  class space    used 14006K, capacity 15078K, committed 15084K, reserved 1048576K
}
Event: 61.105 GC heap after
{Heap after GC invocations=49 (full 0):
 garbage-first heap   total 430080K, used 263168K [0x0000000080000000, 0x0000000100000000)
  region size 1024K, 8 young (8192K), 8 survivors (8192K)
 Metaspace       used 113601K, capacity 116428K, committed 116604K, reserved 1150976K
  class space    used 14006K, capacity 15078K, committed 15084K, reserved 1048576K
}
Event: 63.635 GC heap before
{Heap before GC invocations=49 (full 0):
 garbage-first heap   total 430080K, used 320512K [0x0000000080000000, 0x0000000100000000)
  region size 1024K, 63 young (64512K), 8 survivors (8192K)
 Metaspace       used 113852K, capacity 116684K, committed 116988K, reserved 1150976K
  class space    used 14029K, capacity 15116K, committed 15212K, reserved 1048576K
}
Event: 63.828 GC heap after
{Heap after GC invocations=50 (full 0):
 garbage-first heap   total 430080K, used 272896K [0x0000000080000000, 0x0000000100000000)
  region size 1024K, 7 young (7168K), 7 survivors (7168K)
 Metaspace       used 113852K, capacity 116684K, committed 116988K, reserved 1150976K
  class space    used 14029K, capacity 15116K, committed 15212K, reserved 1048576K
}
Event: 67.089 GC heap before
{Heap before GC invocations=50 (full 0):
 garbage-first heap   total 430080K, used 333312K [0x0000000080000000, 0x0000000100000000)
  region size 1024K, 62 young (63488K), 7 survivors (7168K)
 Metaspace       used 114328K, capacity 117256K, committed 117500K, reserved 1150976K
  class space    used 14082K, capacity 15159K, committed 15212K, reserved 1048576K
}

